2019-01-25 11:39:34,825 - Starting ElearningApplication on Lenovo-PC with PID 5348 (E:\NTU\Github\elearning\elearning_master\target\classes started by lenovo in E:\NTU\Github\elearning\elearning)
2019-01-25 11:39:34,878 - No active profile set, falling back to default profiles: default
2019-01-25 11:39:35,375 - Refreshing org.springframework.boot.context.embedded.AnnotationConfigEmbeddedWebApplicationContext@6db9f5a4: startup date [Fri Jan 25 11:39:35 CST 2019]; root of context hierarchy
2019-01-25 11:39:35,962 - HV000001: Hibernate Validator 5.3.5.Final
2019-01-25 11:39:43,313 - Tomcat initialized with port(s): 8080 (http)
2019-01-25 11:39:43,357 - Starting service [Tomcat]
2019-01-25 11:39:43,359 - Starting Servlet Engine: Apache Tomcat/8.5.16
2019-01-25 11:39:43,767 - Initializing Spring embedded WebApplicationContext
2019-01-25 11:39:43,768 - Root WebApplicationContext: initialization completed in 8392 ms
2019-01-25 11:39:44,112 - Mapping servlet: 'dispatcherServlet' to [/]
2019-01-25 11:39:44,123 - Mapping filter: 'characterEncodingFilter' to: [/*]
2019-01-25 11:39:44,124 - Mapping filter: 'hiddenHttpMethodFilter' to: [/*]
2019-01-25 11:39:44,124 - Mapping filter: 'httpPutFormContentFilter' to: [/*]
2019-01-25 11:39:44,124 - Mapping filter: 'requestContextFilter' to: [/*]
2019-01-25 11:39:54,111 - Building JPA container EntityManagerFactory for persistence unit 'default'
2019-01-25 11:39:54,140 - HHH000204: Processing PersistenceUnitInfo [
	name: default
	...]
2019-01-25 11:39:54,307 - HHH000412: Hibernate Core {5.0.12.Final}
2019-01-25 11:39:54,309 - HHH000206: hibernate.properties not found
2019-01-25 11:39:54,310 - HHH000021: Bytecode provider name : javassist
2019-01-25 11:39:54,454 - HCANN000001: Hibernate Commons Annotations {5.0.1.Final}
2019-01-25 11:39:54,800 - HHH000400: Using dialect: org.hibernate.dialect.MySQL5Dialect
2019-01-25 11:39:56,258 - HHH000038: Composite-id class does not override equals(): com.ican.elearning.dataobject.ExamQuestionMultiKeys
2019-01-25 11:39:56,258 - HHH000039: Composite-id class does not override hashCode(): com.ican.elearning.dataobject.ExamQuestionMultiKeys
2019-01-25 11:39:57,053 - Initialized JPA EntityManagerFactory for persistence unit 'default'
2019-01-25 11:39:59,458 - Looking for @ControllerAdvice: org.springframework.boot.context.embedded.AnnotationConfigEmbeddedWebApplicationContext@6db9f5a4: startup date [Fri Jan 25 11:39:35 CST 2019]; root of context hierarchy
2019-01-25 11:39:59,585 - Mapped "{[/exam/insert],methods=[POST]}" onto public com.ican.elearning.VO.ResultVO<com.ican.elearning.dto.ExamDTO> com.ican.elearning.controller.ExamController.insert(com.ican.elearning.form.ExamForm)
2019-01-25 11:39:59,587 - Mapped "{[/exam/dynamicExam],methods=[GET]}" onto public com.ican.elearning.VO.ResultVO<com.ican.elearning.dto.ExamDTO> com.ican.elearning.controller.ExamController.dynamicExam(java.lang.String,java.lang.Integer,java.lang.String)
2019-01-25 11:39:59,588 - Mapped "{[/exam/autoGenerateExam],methods=[GET]}" onto public com.ican.elearning.VO.ResultVO<com.ican.elearning.dto.ExamDTO> com.ican.elearning.controller.ExamController.autoGenerateExam(java.lang.String,java.lang.Integer)
2019-01-25 11:39:59,588 - Mapped "{[/exam/generalExam],methods=[GET]}" onto public com.ican.elearning.VO.ResultVO<com.ican.elearning.dto.ExamDTO> com.ican.elearning.controller.ExamController.generalExam(java.lang.String,java.lang.Integer)
2019-01-25 11:39:59,591 - Mapped "{[/paragraph/delete],methods=[DELETE]}" onto public com.ican.elearning.VO.ResultVO<com.ican.elearning.dataobject.Paragraph> com.ican.elearning.controller.ParagraphController.delete(java.lang.Integer)
2019-01-25 11:39:59,591 - Mapped "{[/paragraph/list],methods=[GET]}" onto public com.ican.elearning.VO.ResultVO<java.util.List<com.ican.elearning.dataobject.Paragraph>> com.ican.elearning.controller.ParagraphController.list(java.lang.String,java.lang.Integer,java.lang.Integer,java.lang.Integer,java.lang.Integer)
2019-01-25 11:39:59,592 - Mapped "{[/paragraph/insert],methods=[POST]}" onto public com.ican.elearning.VO.ResultVO<com.ican.elearning.dataobject.Paragraph> com.ican.elearning.controller.ParagraphController.insert(com.ican.elearning.form.ParagraphForm,org.springframework.validation.BindingResult)
2019-01-25 11:39:59,592 - Mapped "{[/paragraph/query],methods=[GET]}" onto public com.ican.elearning.VO.ResultVO<com.ican.elearning.dataobject.Paragraph> com.ican.elearning.controller.ParagraphController.query(java.lang.Integer)
2019-01-25 11:39:59,593 - Mapped "{[/paragraph/test],methods=[GET]}" onto public java.util.List<com.ican.elearning.dataobject.Paragraph> com.ican.elearning.controller.ParagraphController.test()
2019-01-25 11:39:59,595 - Mapped "{[/question/delete],methods=[DELETE]}" onto public com.ican.elearning.VO.ResultVO<com.ican.elearning.dto.QuestionDTO> com.ican.elearning.controller.QuestionController.delete(java.lang.Integer)
2019-01-25 11:39:59,596 - Mapped "{[/question/list],methods=[GET]}" onto public com.ican.elearning.VO.ResultVO<java.util.List<com.ican.elearning.dataobject.Question>> com.ican.elearning.controller.QuestionController.list(java.lang.String,java.lang.Integer,java.lang.Integer)
2019-01-25 11:39:59,599 - Mapped "{[/question/insert],methods=[POST]}" onto public com.ican.elearning.VO.ResultVO<com.ican.elearning.dataobject.Question> com.ican.elearning.controller.QuestionController.insert(com.ican.elearning.form.QuestionForm,org.springframework.validation.BindingResult)
2019-01-25 11:39:59,600 - Mapped "{[/question/autoGenerated],methods=[POST]}" onto public com.ican.elearning.VO.ResultVO<com.ican.elearning.dataobject.Question> com.ican.elearning.controller.QuestionController.autoGenerated(com.ican.elearning.form.ParagraphForm,org.springframework.validation.BindingResult)
2019-01-25 11:39:59,600 - Mapped "{[/question/findOne],methods=[GET]}" onto public com.ican.elearning.VO.ResultVO<com.ican.elearning.dto.QuestionDTO> com.ican.elearning.controller.QuestionController.findOne(java.lang.Integer)
2019-01-25 11:39:59,602 - Mapped "{[/file/delete],methods=[POST]}" onto public com.ican.elearning.VO.ResultVO<com.ican.elearning.dataobject.LessonPlan> com.ican.elearning.controller.UploadController.delete(java.lang.Integer)
2019-01-25 11:39:59,603 - Mapped "{[/file/files/{filename:.+}],methods=[GET]}" onto public org.springframework.http.ResponseEntity<org.springframework.core.io.Resource> com.ican.elearning.controller.UploadController.getFile(java.lang.String)
2019-01-25 11:39:59,605 - Mapped "{[/file/getfiles],methods=[GET]}" onto public com.ican.elearning.VO.ResultVO<com.ican.elearning.dataobject.LessonPlan> com.ican.elearning.controller.UploadController.getListFile(java.lang.String,java.lang.Integer,java.lang.Integer)
2019-01-25 11:39:59,606 - Mapped "{[/file/],methods=[POST]}" onto public com.ican.elearning.VO.ResultVO<com.ican.elearning.dataobject.LessonPlan> com.ican.elearning.controller.UploadController.handleFileUpload(org.springframework.web.multipart.MultipartFile,java.lang.String,java.lang.String,java.lang.String,java.lang.String)
2019-01-25 11:39:59,609 - Mapped "{[/auth/register],methods=[POST]}" onto public com.ican.elearning.VO.ResultVO<com.ican.elearning.dataobject.User> com.ican.elearning.controller.UserController.register(com.ican.elearning.form.UserForm,org.springframework.validation.BindingResult)
2019-01-25 11:39:59,611 - Mapped "{[/auth/login],methods=[POST]}" onto public com.ican.elearning.VO.ResultVO<com.ican.elearning.dataobject.User> com.ican.elearning.controller.UserController.login(java.lang.String,java.lang.String)
2019-01-25 11:39:59,617 - Mapped "{[/word/delete],methods=[DELETE]}" onto public com.ican.elearning.VO.ResultVO<com.ican.elearning.dataobject.Word> com.ican.elearning.controller.WordController.delete(java.lang.Integer)
2019-01-25 11:39:59,619 - Mapped "{[/word/list],methods=[GET]}" onto public com.ican.elearning.VO.ResultVO<java.util.List<com.ican.elearning.dataobject.Word>> com.ican.elearning.controller.WordController.list(java.lang.String,java.lang.Integer,java.lang.Integer,java.lang.Integer,java.lang.Integer)
2019-01-25 11:39:59,620 - Mapped "{[/word/insert],methods=[POST]}" onto public com.ican.elearning.VO.ResultVO<com.ican.elearning.dataobject.Word> com.ican.elearning.controller.WordController.insert(com.ican.elearning.form.WordForm,org.springframework.validation.BindingResult)
2019-01-25 11:39:59,621 - Mapped "{[/word/query],methods=[GET]}" onto public com.ican.elearning.VO.ResultVO<java.util.List<com.ican.elearning.dataobject.Word>> com.ican.elearning.controller.WordController.query(java.lang.String,java.lang.Integer,java.lang.Integer)
2019-01-25 11:39:59,621 - Mapped "{[/word/pie],methods=[GET]}" onto public com.ican.elearning.VO.ResultVO<java.util.Map<java.lang.String, java.lang.Integer>> com.ican.elearning.controller.WordController.pie()
2019-01-25 11:39:59,623 - Mapped "{[/error]}" onto public org.springframework.http.ResponseEntity<java.util.Map<java.lang.String, java.lang.Object>> org.springframework.boot.autoconfigure.web.BasicErrorController.error(javax.servlet.http.HttpServletRequest)
2019-01-25 11:39:59,623 - Mapped "{[/error],produces=[text/html]}" onto public org.springframework.web.servlet.ModelAndView org.springframework.boot.autoconfigure.web.BasicErrorController.errorHtml(javax.servlet.http.HttpServletRequest,javax.servlet.http.HttpServletResponse)
2019-01-25 11:39:59,699 - Mapped URL path [/webjars/**] onto handler of type [class org.springframework.web.servlet.resource.ResourceHttpRequestHandler]
2019-01-25 11:39:59,699 - Mapped URL path [/**] onto handler of type [class org.springframework.web.servlet.resource.ResourceHttpRequestHandler]
2019-01-25 11:39:59,777 - Mapped URL path [/**/favicon.ico] onto handler of type [class org.springframework.web.servlet.resource.ResourceHttpRequestHandler]
2019-01-25 11:39:59,802 - Adding welcome page: class path resource [static/index.html]
2019-01-25 11:40:00,620 - Registering beans for JMX exposure on startup
2019-01-25 11:40:00,637 - No TaskScheduler/ScheduledExecutorService bean found for scheduled processing
2019-01-25 11:40:00,676 - Initializing ProtocolHandler ["http-nio-8080"]
2019-01-25 11:40:00,737 - Starting ProtocolHandler ["http-nio-8080"]
2019-01-25 11:40:00,832 - Using a shared selector for servlet write/read
2019-01-25 11:40:00,878 - Tomcat started on port(s): 8080 (http)
2019-01-25 11:40:00,897 - Started ElearningApplication in 29.422 seconds (JVM running for 34.321)
2019-01-25 11:40:40,502 - Initializing Spring FrameworkServlet 'dispatcherServlet'
2019-01-25 11:40:40,502 - FrameworkServlet 'dispatcherServlet': initialization started
2019-01-25 11:40:40,540 - FrameworkServlet 'dispatcherServlet': initialization completed in 38 ms
2019-01-25 11:40:40,872 - HHH000397: Using ASTQueryTranslatorFactory
2019-01-25 17:37:45,589 - Starting ElearningApplication on Lenovo-PC with PID 9272 (E:\NTU\Github\elearning\elearning_master\target\classes started by lenovo in E:\NTU\Github\elearning\elearning)
2019-01-25 17:37:45,953 - No active profile set, falling back to default profiles: default
2019-01-25 17:37:48,124 - Refreshing org.springframework.boot.context.embedded.AnnotationConfigEmbeddedWebApplicationContext@117e949d: startup date [Fri Jan 25 17:37:48 CST 2019]; root of context hierarchy
2019-01-25 17:37:48,950 - HV000001: Hibernate Validator 5.3.5.Final
2019-01-25 17:38:31,855 - Tomcat initialized with port(s): 8080 (http)
2019-01-25 17:38:32,382 - Starting service [Tomcat]
2019-01-25 17:38:32,491 - Starting Servlet Engine: Apache Tomcat/8.5.16
2019-01-25 17:38:35,520 - Initializing Spring embedded WebApplicationContext
2019-01-25 17:38:35,521 - Root WebApplicationContext: initialization completed in 47397 ms
2019-01-25 17:38:36,640 - Mapping servlet: 'dispatcherServlet' to [/]
2019-01-25 17:38:36,673 - Mapping filter: 'characterEncodingFilter' to: [/*]
2019-01-25 17:38:36,673 - Mapping filter: 'hiddenHttpMethodFilter' to: [/*]
2019-01-25 17:38:36,673 - Mapping filter: 'httpPutFormContentFilter' to: [/*]
2019-01-25 17:38:36,673 - Mapping filter: 'requestContextFilter' to: [/*]
2019-01-25 17:38:56,384 - Building JPA container EntityManagerFactory for persistence unit 'default'
2019-01-25 17:38:59,382 - HHH000204: Processing PersistenceUnitInfo [
	name: default
	...]
2019-01-25 17:39:01,459 - HHH000412: Hibernate Core {5.0.12.Final}
2019-01-25 17:39:01,459 - HHH000206: hibernate.properties not found
2019-01-25 17:39:01,474 - HHH000021: Bytecode provider name : javassist
2019-01-25 17:39:02,341 - HCANN000001: Hibernate Commons Annotations {5.0.1.Final}
2019-01-25 17:39:05,716 - HHH000400: Using dialect: org.hibernate.dialect.MySQL5Dialect
2019-01-25 17:39:09,861 - HHH000038: Composite-id class does not override equals(): com.ican.elearning.dataobject.ExamQuestionMultiKeys
2019-01-25 17:39:09,861 - HHH000039: Composite-id class does not override hashCode(): com.ican.elearning.dataobject.ExamQuestionMultiKeys
2019-01-25 17:39:13,561 - Initialized JPA EntityManagerFactory for persistence unit 'default'
2019-01-25 17:39:24,318 - Looking for @ControllerAdvice: org.springframework.boot.context.embedded.AnnotationConfigEmbeddedWebApplicationContext@117e949d: startup date [Fri Jan 25 17:37:48 CST 2019]; root of context hierarchy
2019-01-25 17:39:24,491 - Mapped "{[/exam/insert],methods=[POST]}" onto public com.ican.elearning.VO.ResultVO<com.ican.elearning.dto.ExamDTO> com.ican.elearning.controller.ExamController.insert(com.ican.elearning.form.ExamForm)
2019-01-25 17:39:24,493 - Mapped "{[/exam/autoGenerateExam],methods=[GET]}" onto public com.ican.elearning.VO.ResultVO<com.ican.elearning.dto.ExamDTO> com.ican.elearning.controller.ExamController.autoGenerateExam(java.lang.String,java.lang.Integer)
2019-01-25 17:39:24,493 - Mapped "{[/exam/dynamicExam],methods=[GET]}" onto public com.ican.elearning.VO.ResultVO<com.ican.elearning.dto.ExamDTO> com.ican.elearning.controller.ExamController.dynamicExam(java.lang.String,java.lang.Integer,java.lang.String)
2019-01-25 17:39:24,494 - Mapped "{[/exam/generalExam],methods=[GET]}" onto public com.ican.elearning.VO.ResultVO<com.ican.elearning.dto.ExamDTO> com.ican.elearning.controller.ExamController.generalExam(java.lang.String,java.lang.Integer)
2019-01-25 17:39:24,496 - Mapped "{[/paragraph/delete],methods=[DELETE]}" onto public com.ican.elearning.VO.ResultVO<com.ican.elearning.dataobject.Paragraph> com.ican.elearning.controller.ParagraphController.delete(java.lang.Integer)
2019-01-25 17:39:24,497 - Mapped "{[/paragraph/list],methods=[GET]}" onto public com.ican.elearning.VO.ResultVO<java.util.List<com.ican.elearning.dataobject.Paragraph>> com.ican.elearning.controller.ParagraphController.list(java.lang.String,java.lang.Integer,java.lang.Integer,java.lang.Integer,java.lang.Integer)
2019-01-25 17:39:24,498 - Mapped "{[/paragraph/insert],methods=[POST]}" onto public com.ican.elearning.VO.ResultVO<com.ican.elearning.dataobject.Paragraph> com.ican.elearning.controller.ParagraphController.insert(com.ican.elearning.form.ParagraphForm,org.springframework.validation.BindingResult)
2019-01-25 17:39:24,498 - Mapped "{[/paragraph/query],methods=[GET]}" onto public com.ican.elearning.VO.ResultVO<com.ican.elearning.dataobject.Paragraph> com.ican.elearning.controller.ParagraphController.query(java.lang.Integer)
2019-01-25 17:39:24,499 - Mapped "{[/paragraph/test],methods=[GET]}" onto public java.util.List<com.ican.elearning.dataobject.Paragraph> com.ican.elearning.controller.ParagraphController.test()
2019-01-25 17:39:24,501 - Mapped "{[/question/delete],methods=[DELETE]}" onto public com.ican.elearning.VO.ResultVO<com.ican.elearning.dto.QuestionDTO> com.ican.elearning.controller.QuestionController.delete(java.lang.Integer)
2019-01-25 17:39:24,503 - Mapped "{[/question/list],methods=[GET]}" onto public com.ican.elearning.VO.ResultVO<java.util.List<com.ican.elearning.dataobject.Question>> com.ican.elearning.controller.QuestionController.list(java.lang.String,java.lang.Integer,java.lang.Integer)
2019-01-25 17:39:24,504 - Mapped "{[/question/insert],methods=[POST]}" onto public com.ican.elearning.VO.ResultVO<com.ican.elearning.dataobject.Question> com.ican.elearning.controller.QuestionController.insert(com.ican.elearning.form.QuestionForm,org.springframework.validation.BindingResult)
2019-01-25 17:39:26,037 - Mapped "{[/question/autoGenerated],methods=[POST]}" onto public com.ican.elearning.VO.ResultVO<com.ican.elearning.dataobject.Question> com.ican.elearning.controller.QuestionController.autoGenerated(com.ican.elearning.form.ParagraphForm,org.springframework.validation.BindingResult)
2019-01-25 17:39:26,038 - Mapped "{[/question/findOne],methods=[GET]}" onto public com.ican.elearning.VO.ResultVO<com.ican.elearning.dto.QuestionDTO> com.ican.elearning.controller.QuestionController.findOne(java.lang.Integer)
2019-01-25 17:39:26,040 - Mapped "{[/file/delete],methods=[POST]}" onto public com.ican.elearning.VO.ResultVO<com.ican.elearning.dataobject.LessonPlan> com.ican.elearning.controller.UploadController.delete(java.lang.Integer)
2019-01-25 17:39:26,040 - Mapped "{[/file/files/{filename:.+}],methods=[GET]}" onto public org.springframework.http.ResponseEntity<org.springframework.core.io.Resource> com.ican.elearning.controller.UploadController.getFile(java.lang.String)
2019-01-25 17:39:26,043 - Mapped "{[/file/getfiles],methods=[GET]}" onto public com.ican.elearning.VO.ResultVO<com.ican.elearning.dataobject.LessonPlan> com.ican.elearning.controller.UploadController.getListFile(java.lang.String,java.lang.Integer,java.lang.Integer)
2019-01-25 17:39:26,044 - Mapped "{[/file/],methods=[POST]}" onto public com.ican.elearning.VO.ResultVO<com.ican.elearning.dataobject.LessonPlan> com.ican.elearning.controller.UploadController.handleFileUpload(org.springframework.web.multipart.MultipartFile,java.lang.String,java.lang.String,java.lang.String,java.lang.String)
2019-01-25 17:39:26,045 - Mapped "{[/auth/register],methods=[POST]}" onto public com.ican.elearning.VO.ResultVO<com.ican.elearning.dataobject.User> com.ican.elearning.controller.UserController.register(com.ican.elearning.form.UserForm,org.springframework.validation.BindingResult)
2019-01-25 17:39:26,046 - Mapped "{[/auth/login],methods=[POST]}" onto public com.ican.elearning.VO.ResultVO<com.ican.elearning.dataobject.User> com.ican.elearning.controller.UserController.login(java.lang.String,java.lang.String)
2019-01-25 17:39:26,048 - Mapped "{[/word/delete],methods=[DELETE]}" onto public com.ican.elearning.VO.ResultVO<com.ican.elearning.dataobject.Word> com.ican.elearning.controller.WordController.delete(java.lang.Integer)
2019-01-25 17:39:26,049 - Mapped "{[/word/list],methods=[GET]}" onto public com.ican.elearning.VO.ResultVO<java.util.List<com.ican.elearning.dataobject.Word>> com.ican.elearning.controller.WordController.list(java.lang.String,java.lang.Integer,java.lang.Integer,java.lang.Integer,java.lang.Integer)
2019-01-25 17:39:26,049 - Mapped "{[/word/insert],methods=[POST]}" onto public com.ican.elearning.VO.ResultVO<com.ican.elearning.dataobject.Word> com.ican.elearning.controller.WordController.insert(com.ican.elearning.form.WordForm,org.springframework.validation.BindingResult)
2019-01-25 17:39:26,050 - Mapped "{[/word/query],methods=[GET]}" onto public com.ican.elearning.VO.ResultVO<java.util.List<com.ican.elearning.dataobject.Word>> com.ican.elearning.controller.WordController.query(java.lang.String,java.lang.Integer,java.lang.Integer)
2019-01-25 17:39:26,050 - Mapped "{[/word/pie],methods=[GET]}" onto public com.ican.elearning.VO.ResultVO<java.util.Map<java.lang.String, java.lang.Integer>> com.ican.elearning.controller.WordController.pie()
2019-01-25 17:39:26,052 - Mapped "{[/error]}" onto public org.springframework.http.ResponseEntity<java.util.Map<java.lang.String, java.lang.Object>> org.springframework.boot.autoconfigure.web.BasicErrorController.error(javax.servlet.http.HttpServletRequest)
2019-01-25 17:39:26,053 - Mapped "{[/error],produces=[text/html]}" onto public org.springframework.web.servlet.ModelAndView org.springframework.boot.autoconfigure.web.BasicErrorController.errorHtml(javax.servlet.http.HttpServletRequest,javax.servlet.http.HttpServletResponse)
2019-01-25 17:39:26,382 - Mapped URL path [/webjars/**] onto handler of type [class org.springframework.web.servlet.resource.ResourceHttpRequestHandler]
2019-01-25 17:39:26,382 - Mapped URL path [/**] onto handler of type [class org.springframework.web.servlet.resource.ResourceHttpRequestHandler]
2019-01-25 17:39:27,199 - Mapped URL path [/**/favicon.ico] onto handler of type [class org.springframework.web.servlet.resource.ResourceHttpRequestHandler]
2019-01-25 17:39:27,233 - Adding welcome page: class path resource [static/index.html]
2019-01-25 17:39:29,978 - Registering beans for JMX exposure on startup
2019-01-25 17:39:30,003 - No TaskScheduler/ScheduledExecutorService bean found for scheduled processing
2019-01-25 17:39:30,294 - Initializing ProtocolHandler ["http-nio-8080"]
2019-01-25 17:39:30,824 - Starting ProtocolHandler ["http-nio-8080"]
2019-01-25 17:39:31,362 - Using a shared selector for servlet write/read
2019-01-25 17:39:31,674 - Tomcat started on port(s): 8080 (http)
2019-01-25 17:39:31,825 - Started ElearningApplication in 122.14 seconds (JVM running for 144.484)
2019-01-25 17:41:17,064 - Initializing Spring FrameworkServlet 'dispatcherServlet'
2019-01-25 17:41:17,065 - FrameworkServlet 'dispatcherServlet': initialization started
2019-01-25 17:41:17,199 - FrameworkServlet 'dispatcherServlet': initialization completed in 134 ms
2019-01-25 17:41:19,786 - HHH000397: Using ASTQueryTranslatorFactory
2019-01-25 20:13:40,319 - SQL Error: 1048, SQLState: 23000
2019-01-25 20:13:40,319 - SQL Error: 1048, SQLState: 23000
2019-01-25 20:14:09,943 - SQL Error: 1048, SQLState: 23000
2019-01-25 20:16:02,474 - SQL Error: 1048, SQLState: 23000
2019-01-25 21:03:40,103 - SQL Error: 1048, SQLState: 23000
2019-01-25 21:03:40,103 - SQL Error: 1048, SQLState: 23000
2019-01-25 21:14:42,734 - SQL Error: 1048, SQLState: 23000
2019-01-25 21:15:15,932 - SQL Error: 1048, SQLState: 23000
2019-01-25 21:28:19,263 - SQL Error: 1048, SQLState: 23000
2019-01-25 21:31:09,289 - SQL Error: 1048, SQLState: 23000
2019-01-25 21:32:09,910 - SQL Error: 1048, SQLState: 23000
2019-01-25 21:33:15,103 - SQL Error: 1048, SQLState: 23000
2019-01-25 21:33:27,071 - SQL Error: 1048, SQLState: 23000
2019-01-25 21:34:48,256 - SQL Error: 1048, SQLState: 23000
2019-01-25 21:38:13,865 - SQL Error: 1048, SQLState: 23000
